# JRE version: OpenJDK Runtime Environment (8.0_131-b11) (build 1.8.0_131-b11)
# Java VM: OpenJDK 64-Bit Server VM (25.131-b11 mixed mode linux-amd64 compressed oops)
Heap:
 PSYoungGen      total 731648K, used 2208K [0x000000076f380000, 0x000000079e400000, 0x00000007c0000000)
  eden space 692736K, 0% used [0x000000076f380000,0x000000076f380000,0x0000000799800000)
  from space 38912K, 5% used [0x0000000799800000,0x0000000799a28040,0x000000079be00000)
  to   space 31232K, 0% used [0x000000079c580000,0x000000079c580000,0x000000079e400000)
 ParOldGen       total 382976K, used 107933K [0x00000006cda00000, 0x00000006e5000000, 0x000000076f380000)
  object space 382976K, 28% used [0x00000006cda00000,0x00000006d4367548,0x00000006e5000000)
 Metaspace       used 98785K, capacity 100619K, committed 100824K, reserved 1136640K
  class space    used 12512K, capacity 12957K, committed 13016K, reserved 1048576K
GC Heap History (10 events):
Event: 13.541 GC heap after
Heap after GC invocations=14 (full 3):
 PSYoungGen      total 522752K, used 0K [0x000000076f380000, 0x0000000798480000, 0x00000007c0000000)
  eden space 488960K, 0% used [0x000000076f380000,0x000000076f380000,0x000000078d100000)
  from space 33792K, 0% used [0x000000078d100000,0x000000078d100000,0x000000078f200000)
  to   space 33792K, 0% used [0x0000000796380000,0x0000000796380000,0x0000000798480000)
 ParOldGen       total 290816K, used 90344K [0x00000006cda00000, 0x00000006df600000, 0x000000076f380000)
  object space 290816K, 31% used [0x00000006cda00000,0x00000006d323a248,0x00000006df600000)
 Metaspace       used 57720K, capacity 58818K, committed 58968K, reserved 1101824K
  class space    used 6668K, capacity 6979K, committed 7000K, reserved 1048576K
}
Event: 18.397 GC heap before
{Heap before GC invocations=15 (full 3):
 PSYoungGen      total 522752K, used 488960K [0x000000076f380000, 0x0000000798480000, 0x00000007c0000000)
  eden space 488960K, 100% used [0x000000076f380000,0x000000078d100000,0x000000078d100000)
  from space 33792K, 0% used [0x000000078d100000,0x000000078d100000,0x000000078f200000)
  to   space 33792K, 0% used [0x0000000796380000,0x0000000796380000,0x0000000798480000)
 ParOldGen       total 290816K, used 90344K [0x00000006cda00000, 0x00000006df600000, 0x000000076f380000)
  object space 290816K, 31% used [0x00000006cda00000,0x00000006d323a248,0x00000006df600000)
 Metaspace       used 84533K, capacity 85934K, committed 86360K, reserved 1124352K
  class space    used 10944K, capacity 11311K, committed 11352K, reserved 1048576K
Event: 18.461 GC heap after
Heap after GC invocations=15 (full 3):
 PSYoungGen      total 627200K, used 33771K [0x000000076f380000, 0x0000000798480000, 0x00000007c0000000)
  eden space 593408K, 0% used [0x000000076f380000,0x000000076f380000,0x0000000793700000)
  from space 33792K, 99% used [0x0000000796380000,0x000000079847ada0,0x0000000798480000)
  to   space 38912K, 0% used [0x0000000793880000,0x0000000793880000,0x0000000795e80000)
 ParOldGen       total 290816K, used 93448K [0x00000006cda00000, 0x00000006df600000, 0x000000076f380000)
  object space 290816K, 32% used [0x00000006cda00000,0x00000006d3542150,0x00000006df600000)
 Metaspace       used 84533K, capacity 85934K, committed 86360K, reserved 1124352K
  class space    used 10944K, capacity 11311K, committed 11352K, reserved 1048576K
}
Event: 27.172 GC heap before
{Heap before GC invocations=16 (full 3):
 PSYoungGen      total 627200K, used 540517K [0x000000076f380000, 0x0000000798480000, 0x00000007c0000000)
  eden space 593408K, 85% used [0x000000076f380000,0x000000078e25e9f0,0x0000000793700000)
  from space 33792K, 99% used [0x0000000796380000,0x000000079847ada0,0x0000000798480000)
  to   space 38912K, 0% used [0x0000000793880000,0x0000000793880000,0x0000000795e80000)
 ParOldGen       total 290816K, used 93448K [0x00000006cda00000, 0x00000006df600000, 0x000000076f380000)
  object space 290816K, 32% used [0x00000006cda00000,0x00000006d3542150,0x00000006df600000)
 Metaspace       used 96334K, capacity 98009K, committed 98264K, reserved 1134592K
  class space    used 12478K, capacity 12896K, committed 13016K, reserved 1048576K
Event: 27.207 GC heap after
Heap after GC invocations=16 (full 3):
 PSYoungGen      total 633856K, used 22485K [0x000000076f380000, 0x000000079ea00000, 0x00000007c0000000)
  eden space 594944K, 0% used [0x000000076f380000,0x000000076f380000,0x0000000793880000)
  from space 38912K, 57% used [0x0000000793880000,0x0000000794e755d0,0x0000000795e80000)
  to   space 37376K, 0% used [0x000000079c580000,0x000000079c580000,0x000000079ea00000)
 ParOldGen       total 290816K, used 105813K [0x00000006cda00000, 0x00000006df600000, 0x000000076f380000)
  object space 290816K, 36% used [0x00000006cda00000,0x00000006d4155498,0x00000006df600000)
 Metaspace       used 96334K, capacity 98009K, committed 98264K, reserved 1134592K
  class space    used 12478K, capacity 12896K, committed 13016K, reserved 1048576K
}
Event: 27.207 GC heap before
{Heap before GC invocations=17 (full 4):
 PSYoungGen      total 633856K, used 22485K [0x000000076f380000, 0x000000079ea00000, 0x00000007c0000000)
  eden space 594944K, 0% used [0x000000076f380000,0x000000076f380000,0x0000000793880000)
  from space 38912K, 57% used [0x0000000793880000,0x0000000794e755d0,0x0000000795e80000)
  to   space 37376K, 0% used [0x000000079c580000,0x000000079c580000,0x000000079ea00000)
 ParOldGen       total 290816K, used 105813K [0x00000006cda00000, 0x00000006df600000, 0x000000076f380000)
  object space 290816K, 36% used [0x00000006cda00000,0x00000006d4155498,0x00000006df600000)
 Metaspace       used 96334K, capacity 98009K, committed 98264K, reserved 1134592K
  class space    used 12478K, capacity 12896K, committed 13016K, reserved 1048576K
Event: 27.492 GC heap after
Heap after GC invocations=17 (full 4):
 PSYoungGen      total 633856K, used 0K [0x000000076f380000, 0x000000079ea00000, 0x00000007c0000000)
  eden space 594944K, 0% used [0x000000076f380000,0x000000076f380000,0x0000000793880000)
  from space 38912K, 0% used [0x0000000793880000,0x0000000793880000,0x0000000795e80000)
  to   space 37376K, 0% used [0x000000079c580000,0x000000079c580000,0x000000079ea00000)
 ParOldGen       total 382976K, used 107917K [0x00000006cda00000, 0x00000006e5000000, 0x000000076f380000)
  object space 382976K, 28% used [0x00000006cda00000,0x00000006d4363548,0x00000006e5000000)
 Metaspace       used 96332K, capacity 98003K, committed 98264K, reserved 1134592K
  class space    used 12477K, capacity 12895K, committed 13016K, reserved 1048576K
}
Event: 4651.734 GC heap before
{Heap before GC invocations=18 (full 4):
 PSYoungGen      total 633856K, used 594944K [0x000000076f380000, 0x000000079ea00000, 0x00000007c0000000)
  eden space 594944K, 100% used [0x000000076f380000,0x0000000793880000,0x0000000793880000)
  from space 38912K, 0% used [0x0000000793880000,0x0000000793880000,0x0000000795e80000)
  to   space 37376K, 0% used [0x000000079c580000,0x000000079c580000,0x000000079ea00000)
 ParOldGen       total 382976K, used 107917K [0x00000006cda00000, 0x00000006e5000000, 0x000000076f380000)
  object space 382976K, 28% used [0x00000006cda00000,0x00000006d4363548,0x00000006e5000000)
 Metaspace       used 98734K, capacity 100555K, committed 100824K, reserved 1136640K
  class space    used 12512K, capacity 12957K, committed 13016K, reserved 1048576K
Event: 4651.765 GC heap after
Heap after GC invocations=18 (full 4):
 PSYoungGen      total 723968K, used 2080K [0x000000076f380000, 0x000000079e400000, 0x00000007c0000000)
  eden space 692736K, 0% used [0x000000076f380000,0x000000076f380000,0x0000000799800000)
  from space 31232K, 6% used [0x000000079c580000,0x000000079c788040,0x000000079e400000)
  to   space 38912K, 0% used [0x0000000799800000,0x0000000799800000,0x000000079be00000)
 ParOldGen       total 382976K, used 107925K [0x00000006cda00000, 0x00000006e5000000, 0x000000076f380000)
  object space 382976K, 28% used [0x00000006cda00000,0x00000006d4365548,0x00000006e5000000)
 Metaspace       used 98734K, capacity 100555K, committed 100824K, reserved 1136640K
  class space    used 12512K, capacity 12957K, committed 13016K, reserved 1048576K
}
Event: 11214.122 GC heap before
{Heap before GC invocations=19 (full 4):
 PSYoungGen      total 723968K, used 694816K [0x000000076f380000, 0x000000079e400000, 0x00000007c0000000)
  eden space 692736K, 100% used [0x000000076f380000,0x0000000799800000,0x0000000799800000)
  from space 31232K, 6% used [0x000000079c580000,0x000000079c788040,0x000000079e400000)
  to   space 38912K, 0% used [0x0000000799800000,0x0000000799800000,0x000000079be00000)
 ParOldGen       total 382976K, used 107925K [0x00000006cda00000, 0x00000006e5000000, 0x000000076f380000)
  object space 382976K, 28% used [0x00000006cda00000,0x00000006d4365548,0x00000006e5000000)
 Metaspace       used 98785K, capacity 100619K, committed 100824K, reserved 1136640K
  class space    used 12512K, capacity 12957K, committed 13016K, reserved 1048576K

